Using pre-set license
Built from '2020.2/release' branch; Version is '2020.2.1f1 (270dd8c3da1c) revision 2559448'; Using compiler version '192528614'; Build Type 'Release'
OS: 'Windows 10  (10.0.0) 64bit' Language: 'fr' Physical Memory: 16338 MB
BatchMode: 1, IsHumanControllingUs: 0, StartBugReporterOnCrash: 0, Is64bit: 1, IsPro: 0

 COMMAND LINE ARGUMENTS:
D:\Program Files (x86)\2020.2.1f1\Editor\Unity.exe
-adb2
-batchMode
-noUpm
-name
AssetImportWorker0
-projectPath
D:/Documents/Unreal Projects/Mecanim
-logFile
Logs/AssetImportWorker0.log
-srvPort
61209
Successfully changed project path to: D:/Documents/Unreal Projects/Mecanim
D:/Documents/Unreal Projects/Mecanim
Using Asset Import Pipeline V2.
Refreshing native plugins compatible for Editor in 19.87 ms, found 0 plugins.
Preloading 0 native plugins for Editor in 0.00 ms.
Initialize engine version: 2020.2.1f1 (270dd8c3da1c)
[Subsystems] Discovering subsystems at path D:/Program Files (x86)/2020.2.1f1/Editor/Data/Resources/UnitySubsystems
[Subsystems] Discovering subsystems at path D:/Documents/Unreal Projects/Mecanim/Assets
GfxDevice: creating device client; threaded=0
Direct3D:
    Version:  Direct3D 11.0 [level 11.1]
    Renderer: NVIDIA GeForce GTX 1070 Ti (ID=0x1b82)
    Vendor:   
    VRAM:     8079 MB
    Driver:   27.21.14.6172
Initialize mono
Mono path[0] = 'D:/Program Files (x86)/2020.2.1f1/Editor/Data/Managed'
Mono path[1] = 'D:/Program Files (x86)/2020.2.1f1/Editor/Data/MonoBleedingEdge/lib/mono/unityjit'
Mono config path = 'D:/Program Files (x86)/2020.2.1f1/Editor/Data/MonoBleedingEdge/etc'
Using monoOptions --debugger-agent=transport=dt_socket,embedding=1,server=y,suspend=n,address=127.0.0.1:56668
Begin MonoManager ReloadAssembly
Registering precompiled unity dll's ...
Register platform support module: D:/Program Files (x86)/2020.2.1f1/Editor/Data/PlaybackEngines/WindowsStandaloneSupport/UnityEditor.WindowsStandalone.Extensions.dll
Registered in 0.000850 seconds.
Native extension for WindowsStandalone target not found
Refreshing native plugins compatible for Editor in 21.06 ms, found 0 plugins.
Preloading 0 native plugins for Editor in 0.00 ms.
Invoked RoslynAnalysisRunner static constructor.
RoslynAnalysisRunner will not be running.
RoslynAnalysisRunner has terminated.
Mono: successfully reloaded assembly
- Completed reload, in  1.038 seconds
Platform modules already initialized, skipping
Registering precompiled user dll's ...
Registered in 0.000429 seconds.
Begin MonoManager ReloadAssembly
Native extension for WindowsStandalone target not found
Refreshing native plugins compatible for Editor in 0.21 ms, found 0 plugins.
Preloading 0 native plugins for Editor in 0.00 ms.
Invoked RoslynAnalysisRunner static constructor.
RoslynAnalysisRunner will not be running.
RoslynAnalysisRunner has terminated.
Mono: successfully reloaded assembly
- Completed reload, in  0.645 seconds
Platform modules already initialized, skipping
========================================================================
Worker process is ready to serve import requests
Launched and connected shader compiler UnityShaderCompiler.exe after 0.03 seconds
Refreshing native plugins compatible for Editor in 0.23 ms, found 0 plugins.
Preloading 0 native plugins for Editor in 0.00 ms.
Unloading 1251 Unused Serialized files (Serialized files now loaded: 0)
System memory in use before: 74.9 MB.
System memory in use after: 74.9 MB.

Unloading 11 unused Assets to reduce memory usage. Loaded Objects now: 1710.
Total: 1.570000 ms (FindLiveObjects: 0.116700 ms CreateObjectMapping: 0.034300 ms MarkObjects: 1.338900 ms  DeleteObjects: 0.079400 ms)

========================================================================
Received Import Request.
  path: Assets/Animator/FemaleWinnerAnimator.controller
  artifactKey: Guid(7669d0ae6a393ff48a9a0dc6381abdad) Importer(815301076,1909f56bfc062723c751e8b465ee728b)
Start importing Assets/Animator/FemaleWinnerAnimator.controller using Guid(7669d0ae6a393ff48a9a0dc6381abdad) Importer(815301076,1909f56bfc062723c751e8b465ee728b)  -> (artifact id: 'b47e6ce66e81716a6d7051fc23e40c40') in 0.023157 seconds
  Import took 0.025281 seconds .

========================================================================
Received Import Request.
  Time since last request: 8.996467 seconds.
  path: Assets/Scenes/MenuWinner.unity
  artifactKey: Guid(a6fab495cee7ec74cb19003f5227029f) Importer(815301076,1909f56bfc062723c751e8b465ee728b)
Start importing Assets/Scenes/MenuWinner.unity using Guid(a6fab495cee7ec74cb19003f5227029f) Importer(815301076,1909f56bfc062723c751e8b465ee728b)  -> (artifact id: '621b12ea0d63f0b190a1469913756bb9') in 0.005671 seconds
  Import took 0.007304 seconds .

========================================================================
Received Prepare
Refreshing native plugins compatible for Editor in 0.57 ms, found 0 plugins.
Preloading 0 native plugins for Editor in 0.00 ms.
Unloading 3 Unused Serialized files (Serialized files now loaded: 0)
System memory in use before: 50.2 MB.
System memory in use after: 50.3 MB.

Unloading 3 unused Assets to reduce memory usage. Loaded Objects now: 1710.
Total: 2.041700 ms (FindLiveObjects: 0.121500 ms CreateObjectMapping: 0.035600 ms MarkObjects: 1.831800 ms  DeleteObjects: 0.052000 ms)

AssetImportWorkerClient::OnTransportError - code=2 error=End of file
